[2023-05-18 18:41:11] START
[2023-05-25 11:05:28] CREATE new_db.py: 0
[2023-05-25 15:06:11] CREATE view_data.py: 0
[2023-05-25 15:10:18] CREATE view_data/all_contacts.html: 0
[2023-05-25 15:15:55] EDIT CRAM/views/view_data/display_all_contacts.html: 0
[2023-05-25 15:36:47] CREATE view_data/display_all_employees.html: 0
[2023-05-25 15:37:11] CREATE view_data/display_all_invoices.html: 0
[2023-05-25 15:37:26] CREATE view_data/display_all_catalogs.html: 0
[2023-05-25 18:14:48] CREATE view_data/index.html: 0
[2023-05-25 18:59:50] CREATE update_data.py: 0
[2023-05-25 19:00:46] CREATE update_data/invoice.html: 0
[2023-05-31 18:22:02] EDIT CRAM/views/Aboutus.html: 0
[2023-05-31 18:23:05] EDIT CRAM/views/default/index.html: -1
[2023-05-31 18:24:28] EDIT CRAM/views/Aboutus.html: 0
[2023-05-31 18:27:08] EDIT CRAM/views/TeamBio.html: -6
[2023-05-31 18:27:47] EDIT CRAM/views/default/index.html: 57
[2023-05-31 18:29:59] EDIT CRAM/views/default/index.html: 0
[2023-05-31 18:37:49] EDIT CRAM/views/default/index.html: 0
[2023-05-31 18:40:25] EDIT CRAM/views/TeamBio.html: 0
[2023-05-31 18:57:28] EDIT CRAM/views/default/index.html: 0
[2023-05-31 18:58:28] EDIT CRAM/views/Aboutus.html: 0
[2023-05-31 18:59:15] EDIT CRAM/views/default/index.html: 0
[2023-05-31 19:25:47] EDIT CRAM/views/PERTHome.html: 0
[2023-05-31 19:26:11] EDIT CRAM/views/default/index.html: 0
[2023-05-31 19:26:32] EDIT CRAM/views/TeamBio.html: 8
[2023-05-31 19:26:58] EDIT CRAM/views/PERTHome.html: 0
[2023-05-31 19:27:34] EDIT CRAM/views/default/index.html: -1
[2023-05-31 19:31:34] EDIT CRAM/views/PERTHome.html: 120
[2023-05-31 19:31:55] EDIT CRAM/views/default/index.html: 120
[2023-05-31 19:36:52] EDIT CRAM/views/default/index.html: 0
[2023-05-31 19:38:03] EDIT CRAM/views/default/index.html: 0
[2023-05-31 19:39:43] EDIT CRAM/views/default/index.html: 0
[2023-05-31 19:40:44] EDIT CRAM/views/default/index.html: 0
[2023-05-31 19:43:28] EDIT CRAM/views/default/index.html: 0
[2023-05-31 19:45:54] EDIT CRAM/views/PERTHome.html: 0
[2023-05-31 19:46:42] CREATE default_cram.py: 0
[2023-05-31 19:48:09] EDIT CRAM/controllers/default_cram.py: 1
[2023-05-31 19:48:37] CREATE default_cram.html: 0
[2023-05-31 19:49:03] DELETE CRAM/views/default_cram.html: -3
[2023-06-01 18:12:40] EDIT CRAM/views/default_cram/index.html: 0
[2023-06-01 18:18:05] EDIT CRAM/views/default_cram/index.html: -2
[2023-06-01 18:18:46] EDIT CRAM/views/default_cram/index.html: 2
[2023-06-01 18:19:47] EDIT CRAM/views/default_cram/index.html: -3
[2023-06-01 18:19:50] EDIT CRAM/views/default_cram/index.html: 0
[2023-06-01 18:42:26] EDIT CRAM/views/default_cram/index.html: 0
[2023-06-01 18:44:33] EDIT CRAM/views/default_cram/index.html: 0
[2023-06-01 18:45:27] EDIT CRAM/views/default_cram/index.html: 0
[2023-06-01 18:49:54] EDIT CRAM/views/default_cram/index.html: -1
[2023-06-01 18:50:41] EDIT CRAM/views/default_cram/index.html: 0
[2023-06-01 18:51:26] EDIT CRAM/views/default_cram/index.html: 0
[2023-06-01 18:53:22] EDIT CRAM/views/default_cram/index.html: 0
[2023-06-01 18:54:18] EDIT CRAM/views/default_cram/index.html: 0
[2023-06-01 18:55:16] EDIT CRAM/views/default_cram/index.html: 0
[2023-06-01 18:58:45] EDIT CRAM/views/default_cram/index.html: 0
[2023-06-01 19:01:24] EDIT CRAM/views/default_cram/index.html: 3
[2023-06-01 19:03:30] EDIT CRAM/views/default_cram/index.html: 0
[2023-06-01 19:06:02] EDIT CRAM/views/default_cram/index.html: 3
[2023-06-01 19:06:57] EDIT CRAM/views/default_cram/index.html: 0
[2023-06-01 19:08:58] EDIT CRAM/views/default_cram/index.html: 1
[2023-06-01 19:10:26] EDIT CRAM/views/default_cram/index.html: 6
[2023-06-01 19:15:34] EDIT CRAM/views/default_cram/index.html: 0
